Build started 2014-04-29 18:34:55.
     1>Project "E:\Dude3D_Repository\Terrain3D\Terrain3D\Terrain3D.vcxproj" on node 2 (rebuild target(s)).
     1>_PrepareForClean:
         Deleting file "Debug\Terrain3D.lastbuildstate".
       InitializeBuildStatus:
         Touching "Debug\Terrain3D.unsuccessfulbuild".
       ClCompile:
         D:\Kompilatory\Microsoft Visual Studio 2010 Professional\VC\bin\CL.exe /c /ZI /nologo /W3 /WX- /Od /Oy- /D WIN32 /D _DEBUG /D _WINDOWS /D _UNICODE /D UNICODE /Gm /EHsc /RTC1 /MDd /GS /fp:precise /Zc:wchar_t /Zc:forScope /Fo"Debug\\" /Fd"Debug\vc100.pdb" /Gd /TP /analyze- /errorReport:prompt main.cpp pixel.cpp terrain.cpp
         terrain.cpp
         pixel.cpp
         main.cpp
     1>e:\dude3d_repository\terrain3d\terrain3d\main.cpp(56): warning C4244: 'argument' : conversion from 'double' to 'FLOAT', possible loss of data
     1>e:\dude3d_repository\terrain3d\terrain3d\main.cpp(56): warning C4244: 'argument' : conversion from 'double' to 'FLOAT', possible loss of data
     1>e:\dude3d_repository\terrain3d\terrain3d\main.cpp(164): warning C4305: 'argument' : truncation from 'double' to 'FLOAT'
     1>e:\dude3d_repository\terrain3d\terrain3d\main.cpp(164): warning C4305: 'argument' : truncation from 'double' to 'FLOAT'
     1>e:\dude3d_repository\terrain3d\terrain3d\main.cpp(165): warning C4305: 'argument' : truncation from 'double' to 'FLOAT'
     1>e:\dude3d_repository\terrain3d\terrain3d\main.cpp(165): warning C4305: 'argument' : truncation from 'double' to 'FLOAT'
     1>e:\dude3d_repository\terrain3d\terrain3d\main.cpp(166): warning C4305: 'argument' : truncation from 'double' to 'FLOAT'
     1>e:\dude3d_repository\terrain3d\terrain3d\main.cpp(166): warning C4305: 'argument' : truncation from 'double' to 'FLOAT'
     1>e:\dude3d_repository\terrain3d\terrain3d\main.cpp(209): warning C4305: 'argument' : truncation from 'double' to 'FLOAT'
         Generating Code...
       ManifestResourceCompile:
         C:\Program Files (x86)\Microsoft SDKs\Windows\v7.0A\bin\rc.exe /nologo /fo"Debug\Terrain3D.exe.embed.manifest.res" Debug\Terrain3D_manifest.rc 
       Link:
         D:\Kompilatory\Microsoft Visual Studio 2010 Professional\VC\bin\link.exe /ERRORREPORT:PROMPT /OUT:"E:\Dude3D_Repository\Terrain3D\Debug\Terrain3D.exe" /INCREMENTAL /NOLOGO d3d9.lib d3dx9.lib kernel32.lib user32.lib gdi32.lib winspool.lib comdlg32.lib advapi32.lib shell32.lib ole32.lib oleaut32.lib uuid.lib odbc32.lib odbccp32.lib /MANIFEST /ManifestFile:"Debug\Terrain3D.exe.intermediate.manifest" /MANIFESTUAC:"level='asInvoker' uiAccess='false'" /DEBUG /PDB:"E:\Dude3D_Repository\Terrain3D\Debug\Terrain3D.pdb" /SUBSYSTEM:WINDOWS /TLBID:1 /DYNAMICBASE /NXCOMPAT /IMPLIB:"E:\Dude3D_Repository\Terrain3D\Debug\Terrain3D.lib" /MACHINE:X86 Debug\Terrain3D.exe.embed.manifest.res
         Debug\main.obj
         Debug\pixel.obj
         Debug\terrain.obj
       Manifest:
         Deleting file "Debug\Terrain3D.exe.embed.manifest".
         C:\Program Files (x86)\Microsoft SDKs\Windows\v7.0A\bin\mt.exe /nologo /verbose /out:"Debug\Terrain3D.exe.embed.manifest" /manifest Debug\Terrain3D.exe.intermediate.manifest
         C:\Program Files (x86)\Microsoft SDKs\Windows\v7.0A\bin\rc.exe /nologo /fo"Debug\Terrain3D.exe.embed.manifest.res" Debug\Terrain3D_manifest.rc 
       LinkEmbedManifest:
         D:\Kompilatory\Microsoft Visual Studio 2010 Professional\VC\bin\link.exe /ERRORREPORT:PROMPT /OUT:"E:\Dude3D_Repository\Terrain3D\Debug\Terrain3D.exe" /INCREMENTAL /NOLOGO d3d9.lib d3dx9.lib kernel32.lib user32.lib gdi32.lib winspool.lib comdlg32.lib advapi32.lib shell32.lib ole32.lib oleaut32.lib uuid.lib odbc32.lib odbccp32.lib /MANIFEST /ManifestFile:"Debug\Terrain3D.exe.intermediate.manifest" /MANIFESTUAC:"level='asInvoker' uiAccess='false'" /DEBUG /PDB:"E:\Dude3D_Repository\Terrain3D\Debug\Terrain3D.pdb" /SUBSYSTEM:WINDOWS /TLBID:1 /DYNAMICBASE /NXCOMPAT /IMPLIB:"E:\Dude3D_Repository\Terrain3D\Debug\Terrain3D.lib" /MACHINE:X86 Debug\Terrain3D.exe.embed.manifest.res
         Debug\main.obj
         Debug\pixel.obj
         Debug\terrain.obj
         Terrain3D.vcxproj -> E:\Dude3D_Repository\Terrain3D\Debug\Terrain3D.exe
       FinalizeBuildStatus:
         Deleting file "Debug\Terrain3D.unsuccessfulbuild".
         Touching "Debug\Terrain3D.lastbuildstate".
     1>Done Building Project "E:\Dude3D_Repository\Terrain3D\Terrain3D\Terrain3D.vcxproj" (rebuild target(s)).

Build succeeded.

Time Elapsed 00:00:07.17
