E:\DUDE3D_REPOSITORY\TERRAIN3D\DEBUG\TERRAIN3D.EXE
E:\DUDE3D_REPOSITORY\TERRAIN3D\DEBUG\TERRAIN3D.ILK
E:\DUDE3D_REPOSITORY\TERRAIN3D\DEBUG\TERRAIN3D.PDB
E:\Dude3D_Repository\Terrain3D\Terrain3D\Debug\cl.command.1.tlog
E:\Dude3D_Repository\Terrain3D\Terrain3D\Debug\CL.read.1.tlog
E:\Dude3D_Repository\Terrain3D\Terrain3D\Debug\CL.write.1.tlog
E:\Dude3D_Repository\Terrain3D\Terrain3D\Debug\link.2512.read.1.tlog
E:\Dude3D_Repository\Terrain3D\Terrain3D\Debug\link.2512.write.1.tlog
E:\Dude3D_Repository\Terrain3D\Terrain3D\Debug\link.2512-cvtres.read.1.tlog
E:\Dude3D_Repository\Terrain3D\Terrain3D\Debug\link.2512-cvtres.write.1.tlog
E:\Dude3D_Repository\Terrain3D\Terrain3D\Debug\link.command.1.tlog
E:\Dude3D_Repository\Terrain3D\Terrain3D\Debug\link.read.1.tlog
E:\Dude3D_Repository\Terrain3D\Terrain3D\Debug\link.write.1.tlog
E:\Dude3D_Repository\Terrain3D\Terrain3D\Debug\link-cvtres.read.1.tlog
E:\Dude3D_Repository\Terrain3D\Terrain3D\Debug\link-cvtres.write.1.tlog
E:\DUDE3D_REPOSITORY\TERRAIN3D\TERRAIN3D\DEBUG\MAIN.OBJ
E:\Dude3D_Repository\Terrain3D\Terrain3D\Debug\mt.command.1.tlog
E:\Dude3D_Repository\Terrain3D\Terrain3D\Debug\mt.read.1.tlog
E:\Dude3D_Repository\Terrain3D\Terrain3D\Debug\mt.write.1.tlog
E:\DUDE3D_REPOSITORY\TERRAIN3D\TERRAIN3D\DEBUG\PIXEL.OBJ
E:\Dude3D_Repository\Terrain3D\Terrain3D\Debug\rc.command.1.tlog
E:\Dude3D_Repository\Terrain3D\Terrain3D\Debug\rc.read.1.tlog
E:\Dude3D_Repository\Terrain3D\Terrain3D\Debug\rc.write.1.tlog
E:\DUDE3D_REPOSITORY\TERRAIN3D\TERRAIN3D\DEBUG\TERRAIN.OBJ
E:\DUDE3D_REPOSITORY\TERRAIN3D\TERRAIN3D\DEBUG\TERRAIN3D.EXE.EMBED.MANIFEST
E:\DUDE3D_REPOSITORY\TERRAIN3D\TERRAIN3D\DEBUG\TERRAIN3D.EXE.EMBED.MANIFEST.RES
E:\DUDE3D_REPOSITORY\TERRAIN3D\TERRAIN3D\DEBUG\TERRAIN3D.EXE.INTERMEDIATE.MANIFEST
E:\Dude3D_Repository\Terrain3D\Terrain3D\Debug\Terrain3D.vcxprojResolveAssemblyReference.cache
E:\Dude3D_Repository\Terrain3D\Terrain3D\Debug\Terrain3D.write.1.tlog
E:\Dude3D_Repository\Terrain3D\Terrain3D\Debug\Terrain3D_manifest.rc
E:\Dude3D_Repository\Terrain3D\Terrain3D\Debug\vc100.idb
E:\DUDE3D_REPOSITORY\TERRAIN3D\TERRAIN3D\DEBUG\VC100.PDB
